  GameOfLife.cpp
D:\Development\SFML Repo\SFML-Projects\GameOfLife\GameOfLife\GameOfLife.cpp(19,23): warning C4244: 'initializing': conversion from 'double' to 'float', possible loss of data
D:\Development\SFML Repo\SFML-Projects\GameOfLife\GameOfLife\GameOfLife.cpp(42,15): warning C4244: 'argument': conversion from 'time_t' to 'unsigned int', possible loss of data
D:\Development\SFML Repo\SFML-Projects\GameOfLife\GameOfLife\GameOfLife.cpp(83,42): warning C4244: '=': conversion from 'double' to 'float', possible loss of data
D:\Development\SFML Repo\SFML-Projects\GameOfLife\GameOfLife\GameOfLife.cpp(90,42): warning C4244: '=': conversion from 'double' to 'float', possible loss of data
D:\Development\SFML Repo\SFML-Projects\GameOfLife\GameOfLife\GameOfLife.cpp(192,73): warning C4244: 'argument': conversion from 'int' to 'T', possible loss of data
          with
          [
              T=float
          ]
D:\Development\SFML Repo\SFML-Projects\GameOfLife\GameOfLife\GameOfLife.cpp(192,57): warning C4244: 'argument': conversion from 'int' to 'T', possible loss of data
          with
          [
              T=float
          ]
D:\Development\SFML Repo\SFML-Projects\GameOfLife\GameOfLife\GameOfLife.cpp(202,51): warning C4244: 'argument': conversion from 'int' to 'T', possible loss of data
          with
          [
              T=float
          ]
D:\Development\SFML Repo\SFML-Projects\GameOfLife\GameOfLife\GameOfLife.cpp(203,51): warning C4244: 'argument': conversion from 'int' to 'T', possible loss of data
          with
          [
              T=float
          ]
D:\Development\SFML Repo\SFML-Projects\GameOfLife\GameOfLife\GameOfLife.cpp(208,54): warning C4244: 'argument': conversion from 'int' to 'T', possible loss of data
          with
          [
              T=float
          ]
D:\Development\SFML Repo\SFML-Projects\GameOfLife\GameOfLife\GameOfLife.cpp(209,60): warning C4244: 'argument': conversion from 'int' to 'T', possible loss of data
          with
          [
              T=float
          ]
  GameOfLife.vcxproj -> D:\Development\SFML Repo\SFML-Projects\GameOfLife\x64\Debug\GameOfLife.exe
